Arguments: 
  /usr/bin/node /usr/bin/yarn exec

PATH: 
  /home/jack/.nvm/versions/node/v16.15.0/bin:/usr/local/bin:/usr/local/sbin:/usr/bin:/usr/sbin:/home/jack/bin

Yarn version: 
  1.22.17

Node version: 
  16.14.0

Platform: 
  linux x64

Trace: 
  SyntaxError: /home/jack/workspace/nodejs/prisma/prisma-aula1/package.json: Unexpected token [ in JSON at position 208
      at JSON.parse (<anonymous>)
      at /usr/lib/node_modules/yarn/lib/util/fs.js:755:57
      at Generator.next (<anonymous>)
      at step (/usr/lib/node_modules/yarn/node_modules/babel-runtime/helpers/asyncToGenerator.js:17:30)
      at /usr/lib/node_modules/yarn/node_modules/babel-runtime/helpers/asyncToGenerator.js:28:13

npm manifest: 
  {
    "name": "aula1",
    "version": "1.0.0",
    "main": "index.js",
    "repository": "git@github.com:kempes-jac/prisma-aula1.git",
    "author": "Kempes J. <kempes.jac@gmail.com>",
    "license": "MIT",
    "scripts:" [
      "exec": "tsc-node-dev server.ts"
    ],
    "dependencies": {
      "@prisma/client": "3.15.2",
      "prisma": "^3.15.2",
      "tsc": "^2.0.4"
    },
    "devDependencies": {
      "typescript": "^4.7.4"
    }
  }

yarn manifest: 
  No manifest

Lockfile: 
  # THIS IS AN AUTOGENERATED FILE. DO NOT EDIT THIS FILE DIRECTLY.
  # yarn lockfile v1
  
  
  "@prisma/client@3.15.2":
    version "3.15.2"
    resolved "https://registry.yarnpkg.com/@prisma/client/-/client-3.15.2.tgz#2181398147afc79bfe0d83c03a88dc45b49bd365"
    integrity sha512-ErqtwhX12ubPhU4d++30uFY/rPcyvjk+mdifaZO5SeM21zS3t4jQrscy8+6IyB0GIYshl5ldTq6JSBo1d63i8w==
    dependencies:
      "@prisma/engines-version" "3.15.1-1.461d6a05159055555eb7dfb337c9fb271cbd4d7e"
  
  "@prisma/engines-version@3.15.1-1.461d6a05159055555eb7dfb337c9fb271cbd4d7e":
    version "3.15.1-1.461d6a05159055555eb7dfb337c9fb271cbd4d7e"
    resolved "https://registry.yarnpkg.com/@prisma/engines-version/-/engines-version-3.15.1-1.461d6a05159055555eb7dfb337c9fb271cbd4d7e.tgz#bf5e2373ca68ce7556b967cb4965a7095e93fe53"
    integrity sha512-e3k2Vd606efd1ZYy2NQKkT4C/pn31nehyLhVug6To/q8JT8FpiMrDy7zmm3KLF0L98NOQQcutaVtAPhzKhzn9w==
  
  "@prisma/engines@3.15.1-1.461d6a05159055555eb7dfb337c9fb271cbd4d7e":
    version "3.15.1-1.461d6a05159055555eb7dfb337c9fb271cbd4d7e"
    resolved "https://registry.yarnpkg.com/@prisma/engines/-/engines-3.15.1-1.461d6a05159055555eb7dfb337c9fb271cbd4d7e.tgz#f691893df506b93e3cb1ccc15ec6e5ac64e8e570"
    integrity sha512-NHlojO1DFTsSi3FtEleL9QWXeSF/UjhCW0fgpi7bumnNZ4wj/eQ+BJJ5n2pgoOliTOGv9nX2qXvmHap7rJMNmg==
  
  prisma@^3.15.2:
    version "3.15.2"
    resolved "https://registry.yarnpkg.com/prisma/-/prisma-3.15.2.tgz#4ebe32fb284da3ac60c49fbc16c75e56ecf32067"
    integrity sha512-nMNSMZvtwrvoEQ/mui8L/aiCLZRCj5t6L3yujKpcDhIPk7garp8tL4nMx2+oYsN0FWBacevJhazfXAbV1kfBzA==
    dependencies:
      "@prisma/engines" "3.15.1-1.461d6a05159055555eb7dfb337c9fb271cbd4d7e"
  
  tsc@^2.0.4:
    version "2.0.4"
    resolved "https://registry.yarnpkg.com/tsc/-/tsc-2.0.4.tgz#5f6499146abea5dca4420b451fa4f2f9345238f5"
    integrity sha512-fzoSieZI5KKJVBYGvwbVZs/J5za84f2lSTLPYf6AGiIf43tZ3GNrI1QzTLcjtyDDP4aLxd46RTZq1nQxe7+k5Q==
  
  typescript@^4.7.4:
    version "4.7.4"
    resolved "https://registry.yarnpkg.com/typescript/-/typescript-4.7.4.tgz#1a88596d1cf47d59507a1bcdfb5b9dfe4d488235"
    integrity sha512-C0WQT0gezHuw6AdY1M2jxUO83Rjf0HP7Sk1DtXj6j1EwkQNZrHAg2XPWlq62oqEhYvONq5pkC2Y9oPljWToLmQ==
